08-13 23:06:59 com_github_MitjaNemec_ReplicateLayout.action_replicate_layout 392:Plugin executed on: 'win32'
08-13 23:06:59 com_github_MitjaNemec_ReplicateLayout.action_replicate_layout 393:Plugin executed with python version: '3.11.5 (main, Jan 19 2024, 08:13:45) [MSC v.1936 64 bit (AMD64)]'
08-13 23:06:59 com_github_MitjaNemec_ReplicateLayout.action_replicate_layout 394:KiCad build version: 8.0.1
08-13 23:06:59 com_github_MitjaNemec_ReplicateLayout.action_replicate_layout 395:Plugin version: 3.0.3
08-13 23:06:59 com_github_MitjaNemec_ReplicateLayout.action_replicate_layout 396:Frame repr: <wx._core.Frame object at 0x0000024C2C233010>
08-13 23:06:59 com_github_MitjaNemec_ReplicateLayout.action_replicate_layout 420:Preparing replicator with J1 as a reference
08-13 23:06:59 com_github_MitjaNemec_ReplicateLayout.replicate_layout 117:getting a list of all footprints on board
08-13 23:06:59 com_github_MitjaNemec_ReplicateLayout.action_replicate_layout 468:source anchor footprint is 'J1'
Located on: ['modulo1']
With filenames: ['untitled.kicad_sch']
With sheet_id:['modulo1']
08-13 23:06:59 com_github_MitjaNemec_ReplicateLayout.action_replicate_layout 475:Corresponding footprints are 
[('J2', ['modulo2']), ('J1', ['modulo1'])]
08-13 23:06:59 com_github_MitjaNemec_ReplicateLayout.action_replicate_layout 487:Showing dialog
08-13 23:06:59 com_github_MitjaNemec_ReplicateLayout.replicate_layout 472:constructing a list of sheets suitable for replication on level:'modulo1', file:'untitled.kicad_sch'
08-13 23:06:59 com_github_MitjaNemec_ReplicateLayout.replicate_layout 509:suitable sheets are:[['modulo2']]
08-13 23:06:59 com_github_MitjaNemec_ReplicateLayout.replicate_layout 1507:Level selected: ['modulo1']
08-13 23:06:59 com_github_MitjaNemec_ReplicateLayout.replicate_layout 1331:Filtering list of tracks
08-13 23:06:59 com_github_MitjaNemec_ReplicateLayout.action_replicate_layout 493:Toolbar position: wx.Point(1445, 151)
08-13 23:06:59 com_github_MitjaNemec_ReplicateLayout.action_replicate_layout 498:Dialog position: wx.Point(1006, 151)
08-13 23:07:04 com_github_MitjaNemec_ReplicateLayout.replicate_layout 472:constructing a list of sheets suitable for replication on level:'modulo1', file:'untitled.kicad_sch'
08-13 23:07:04 com_github_MitjaNemec_ReplicateLayout.replicate_layout 509:suitable sheets are:[['modulo2']]
08-13 23:07:04 com_github_MitjaNemec_ReplicateLayout.action_replicate_layout 240:Replicating layout
08-13 23:07:04 com_github_MitjaNemec_ReplicateLayout.replicate_layout 288:Starting replication of sheets: [['modulo2']]
on level: ['modulo1']
with tracks=True, zone=True, text=True, text=True, intersecting=False, remove=False, locked footprints=False, group_only=False
08-13 23:07:04 root 332:updating GUI message: 'Preparing for replication'
08-13 23:07:04 root 337:updating GUI with: 0
08-13 23:07:04 com_github_MitjaNemec_ReplicateLayout.replicate_layout 358:Getting the list of source footprints
08-13 23:07:04 com_github_MitjaNemec_ReplicateLayout.replicate_layout 368:Getting the list of all the remaining footprints
08-13 23:07:04 com_github_MitjaNemec_ReplicateLayout.replicate_layout 375:Getting source tracks
08-13 23:07:04 com_github_MitjaNemec_ReplicateLayout.replicate_layout 1331:Filtering list of tracks
08-13 23:07:04 com_github_MitjaNemec_ReplicateLayout.replicate_layout 379:Getting source zones
08-13 23:07:04 com_github_MitjaNemec_ReplicateLayout.replicate_layout 383:Getting source text items
08-13 23:07:04 com_github_MitjaNemec_ReplicateLayout.replicate_layout 387:Getting source drawing items
08-13 23:07:04 root 332:updating GUI message: 'Replicating footprints'
08-13 23:07:04 com_github_MitjaNemec_ReplicateLayout.replicate_layout 861:Replicating footprints
08-13 23:07:04 com_github_MitjaNemec_ReplicateLayout.replicate_layout 868:Replicating footprints on sheet ['modulo2']
08-13 23:07:04 com_github_MitjaNemec_ReplicateLayout.replicate_layout 985:Src text UUid:e0c7d57e-5fda-476c-880c-991349c88187
08-13 23:07:04 com_github_MitjaNemec_ReplicateLayout.replicate_layout 986:Dst text UUid:6523e4e0-8e53-4a9a-9b78-a0e2794b4980
08-13 23:07:04 com_github_MitjaNemec_ReplicateLayout.replicate_layout 985:Src text UUid:b9deda04-c69d-4cd7-83ec-f06e10aeaba7
08-13 23:07:04 com_github_MitjaNemec_ReplicateLayout.replicate_layout 986:Dst text UUid:983577e8-84ab-4787-a4c5-5067f079f6a6
08-13 23:07:04 com_github_MitjaNemec_ReplicateLayout.replicate_layout 985:Src text UUid:481fb94a-0586-48a3-8504-df31054c1cf6
08-13 23:07:04 com_github_MitjaNemec_ReplicateLayout.replicate_layout 986:Dst text UUid:364f69fe-702c-44ad-a264-9cd835d9c173
08-13 23:07:04 com_github_MitjaNemec_ReplicateLayout.replicate_layout 985:Src text UUid:b9ba03c3-1850-4307-b446-23e96f4a9077
08-13 23:07:04 com_github_MitjaNemec_ReplicateLayout.replicate_layout 986:Dst text UUid:886010d5-7c85-4cf3-b5e2-17b730c3a767
08-13 23:07:04 com_github_MitjaNemec_ReplicateLayout.replicate_layout 985:Src text UUid:9eb0a3f3-9067-4151-bfd2-b182d5e979f4
08-13 23:07:04 com_github_MitjaNemec_ReplicateLayout.replicate_layout 986:Dst text UUid:6cd2f6ce-3000-4995-96ff-fbc04e2d48ea
08-13 23:07:04 com_github_MitjaNemec_ReplicateLayout.replicate_layout 985:Src text UUid:10f2ac2a-30d8-4109-b8be-81295c684418
08-13 23:07:04 com_github_MitjaNemec_ReplicateLayout.replicate_layout 986:Dst text UUid:631d8335-7a58-4fff-9021-3a80dbab0c2a
08-13 23:07:04 com_github_MitjaNemec_ReplicateLayout.replicate_layout 985:Src text UUid:e86ed7f3-4f93-4b4b-a7e2-85bbf3f9d99f
08-13 23:07:04 com_github_MitjaNemec_ReplicateLayout.replicate_layout 986:Dst text UUid:5e2801e6-879e-4c42-aaf5-65d88040348a
08-13 23:07:04 com_github_MitjaNemec_ReplicateLayout.replicate_layout 985:Src text UUid:89fdc37d-8ac9-4f3f-ab2c-a0fca95c4fdc
08-13 23:07:04 com_github_MitjaNemec_ReplicateLayout.replicate_layout 986:Dst text UUid:647a5438-0454-43ef-87d8-459b374409ce
08-13 23:07:04 com_github_MitjaNemec_ReplicateLayout.replicate_layout 985:Src text UUid:9f4df02b-eaf5-44ea-b41c-c5e5b6917e89
08-13 23:07:04 com_github_MitjaNemec_ReplicateLayout.replicate_layout 986:Dst text UUid:fdb90776-7684-4d59-8983-dc5fcb4fab6a
08-13 23:07:04 com_github_MitjaNemec_ReplicateLayout.replicate_layout 985:Src text UUid:f2dbb176-a0eb-4dc4-946d-187fcdcc4396
08-13 23:07:04 com_github_MitjaNemec_ReplicateLayout.replicate_layout 986:Dst text UUid:68ea0cdb-ba3a-48dc-a1b9-78950fa43e6b
08-13 23:07:04 com_github_MitjaNemec_ReplicateLayout.replicate_layout 985:Src text UUid:64b8fc5e-378c-47c6-8517-b6b52715a768
08-13 23:07:04 com_github_MitjaNemec_ReplicateLayout.replicate_layout 986:Dst text UUid:98d902a5-4436-4be2-9dca-d637d29bd4b0
08-13 23:07:04 com_github_MitjaNemec_ReplicateLayout.replicate_layout 985:Src text UUid:886076d0-7362-4088-b771-360be362aa50
08-13 23:07:04 com_github_MitjaNemec_ReplicateLayout.replicate_layout 986:Dst text UUid:6f3b5437-a3cb-4ab3-8942-83a274497959
08-13 23:07:04 com_github_MitjaNemec_ReplicateLayout.replicate_layout 985:Src text UUid:a3c82bba-92f0-4658-b55f-3c2ba7c18e0d
08-13 23:07:04 com_github_MitjaNemec_ReplicateLayout.replicate_layout 986:Dst text UUid:145fa12a-b88c-444f-ab72-786753db2db7
08-13 23:07:04 com_github_MitjaNemec_ReplicateLayout.replicate_layout 985:Src text UUid:f7f3b428-2a43-4a7d-af3f-a77f05c37b13
08-13 23:07:04 com_github_MitjaNemec_ReplicateLayout.replicate_layout 986:Dst text UUid:97ec30f0-b62a-40aa-bdc7-8dde4d6e5958
08-13 23:07:04 com_github_MitjaNemec_ReplicateLayout.replicate_layout 985:Src text UUid:a76a3c61-ee8d-4d94-91cb-b1fa58ff03b8
08-13 23:07:04 com_github_MitjaNemec_ReplicateLayout.replicate_layout 986:Dst text UUid:0a8ecdaa-f5fc-4aed-91b6-f74242d413b5
08-13 23:07:04 com_github_MitjaNemec_ReplicateLayout.replicate_layout 985:Src text UUid:4c229519-861e-4cf8-bfc9-e359d21f78bc
08-13 23:07:04 com_github_MitjaNemec_ReplicateLayout.replicate_layout 986:Dst text UUid:f95f00dd-99c8-464a-91ff-2edec2a3c171
08-13 23:07:04 com_github_MitjaNemec_ReplicateLayout.replicate_layout 985:Src text UUid:cb40cdaf-77b1-4651-98e4-00f9dafb60bf
08-13 23:07:04 com_github_MitjaNemec_ReplicateLayout.replicate_layout 986:Dst text UUid:901cace6-c713-41a2-a49a-3f1350a09ca7
08-13 23:07:04 com_github_MitjaNemec_ReplicateLayout.replicate_layout 985:Src text UUid:b608392a-2098-47da-96d4-b076abb6c242
08-13 23:07:04 com_github_MitjaNemec_ReplicateLayout.replicate_layout 986:Dst text UUid:c04da94a-fb54-4f8a-8720-870839cf08e6
08-13 23:07:04 com_github_MitjaNemec_ReplicateLayout.replicate_layout 985:Src text UUid:caf9dba4-9b95-4653-8061-3f83c2b6440f
08-13 23:07:04 com_github_MitjaNemec_ReplicateLayout.replicate_layout 986:Dst text UUid:569cb59d-6892-4928-9fef-bba55f7a3313
08-13 23:07:04 com_github_MitjaNemec_ReplicateLayout.replicate_layout 985:Src text UUid:9bfbee8b-36b8-4ed9-8474-b003f8896d4b
08-13 23:07:04 com_github_MitjaNemec_ReplicateLayout.replicate_layout 986:Dst text UUid:cb33eb81-a597-4825-bd93-bf13fb37d371
08-13 23:07:04 com_github_MitjaNemec_ReplicateLayout.replicate_layout 985:Src text UUid:48d86682-43d0-4c18-9521-7e2f1c51a1de
08-13 23:07:04 com_github_MitjaNemec_ReplicateLayout.replicate_layout 986:Dst text UUid:5e8c14fa-9350-4c18-af29-201f48254b7e
08-13 23:07:04 com_github_MitjaNemec_ReplicateLayout.replicate_layout 985:Src text UUid:7f34fe75-a273-49f1-8347-34876b0ce0af
08-13 23:07:04 com_github_MitjaNemec_ReplicateLayout.replicate_layout 986:Dst text UUid:9285c436-f5a5-4126-9e5f-64886c7031e0
08-13 23:07:04 com_github_MitjaNemec_ReplicateLayout.replicate_layout 985:Src text UUid:91273bcf-1fe9-4abd-8a5f-863b30d52220
08-13 23:07:04 com_github_MitjaNemec_ReplicateLayout.replicate_layout 986:Dst text UUid:0729e4a2-167d-4d2e-b2fe-be5337e03597
08-13 23:07:04 com_github_MitjaNemec_ReplicateLayout.replicate_layout 985:Src text UUid:28b7edce-5a18-4b34-9eaa-361021b628e5
08-13 23:07:04 com_github_MitjaNemec_ReplicateLayout.replicate_layout 986:Dst text UUid:175fbb07-b918-4e6b-baa8-e425e3bea114
08-13 23:07:04 com_github_MitjaNemec_ReplicateLayout.replicate_layout 985:Src text UUid:a8efd9fb-79c9-4bf6-9d87-c3e3b38bad43
08-13 23:07:04 com_github_MitjaNemec_ReplicateLayout.replicate_layout 986:Dst text UUid:a97c1c4d-fc25-4fef-9d4d-6f1121c1b6c5
08-13 23:07:04 com_github_MitjaNemec_ReplicateLayout.replicate_layout 985:Src text UUid:41cec0d6-e403-4807-8f86-faae91431ae9
08-13 23:07:04 com_github_MitjaNemec_ReplicateLayout.replicate_layout 986:Dst text UUid:692f11fb-444e-497d-865a-9e42e37856c4
08-13 23:07:04 com_github_MitjaNemec_ReplicateLayout.replicate_layout 985:Src text UUid:5eaa52b2-541e-460c-8f62-56a7d442334e
08-13 23:07:04 com_github_MitjaNemec_ReplicateLayout.replicate_layout 986:Dst text UUid:715ce299-9ca7-4e7b-aa0e-3f69e47ff00a
08-13 23:07:04 com_github_MitjaNemec_ReplicateLayout.replicate_layout 985:Src text UUid:51f13331-dfe1-400b-81de-fa8e9a737b6c
08-13 23:07:04 com_github_MitjaNemec_ReplicateLayout.replicate_layout 986:Dst text UUid:74950155-90ba-4aaa-adaa-bdd8de9bd83f
08-13 23:07:04 com_github_MitjaNemec_ReplicateLayout.replicate_layout 985:Src text UUid:e9fe5507-545f-46f7-a7f4-08182b651a3f
08-13 23:07:04 com_github_MitjaNemec_ReplicateLayout.replicate_layout 986:Dst text UUid:4b658ed4-cc24-47d2-a51a-4b9e53ab2e23
08-13 23:07:04 com_github_MitjaNemec_ReplicateLayout.replicate_layout 985:Src text UUid:69d8753f-69a3-4f02-a01a-a3bc1a865ef0
08-13 23:07:04 com_github_MitjaNemec_ReplicateLayout.replicate_layout 986:Dst text UUid:7415c765-6e6b-4f4f-8a9d-512b3ee05575
08-13 23:07:04 com_github_MitjaNemec_ReplicateLayout.replicate_layout 985:Src text UUid:c57bdb39-62b3-4895-9cf7-0b67ba96cf9c
08-13 23:07:04 com_github_MitjaNemec_ReplicateLayout.replicate_layout 986:Dst text UUid:16c9e0ed-ce1a-4221-bd3f-333317ccf17d
08-13 23:07:04 com_github_MitjaNemec_ReplicateLayout.replicate_layout 985:Src text UUid:f46f5775-c98f-4e70-87ac-d0d2ac8d4854
08-13 23:07:04 com_github_MitjaNemec_ReplicateLayout.replicate_layout 986:Dst text UUid:0cff8993-0e4a-4a7f-8aae-9383e7fb4ab8
08-13 23:07:04 com_github_MitjaNemec_ReplicateLayout.replicate_layout 985:Src text UUid:85b0b1e0-36d4-4f2d-baa0-ba7a6266bc40
08-13 23:07:04 com_github_MitjaNemec_ReplicateLayout.replicate_layout 986:Dst text UUid:5f750105-9685-44b8-8af6-f37561760145
08-13 23:07:04 com_github_MitjaNemec_ReplicateLayout.replicate_layout 985:Src text UUid:8148dd59-7046-4973-bd71-811469d4c03c
08-13 23:07:04 com_github_MitjaNemec_ReplicateLayout.replicate_layout 986:Dst text UUid:2d33132a-6e67-47e8-9d69-0ff194c5b278
08-13 23:07:04 com_github_MitjaNemec_ReplicateLayout.replicate_layout 985:Src text UUid:2b8f393b-48f8-4369-b708-83fa6f6589b5
08-13 23:07:04 com_github_MitjaNemec_ReplicateLayout.replicate_layout 986:Dst text UUid:185c29b9-fadb-4250-ab29-0db32e02172f
08-13 23:07:04 com_github_MitjaNemec_ReplicateLayout.replicate_layout 985:Src text UUid:4c45b748-693e-44ac-b1eb-804588268e28
08-13 23:07:04 com_github_MitjaNemec_ReplicateLayout.replicate_layout 986:Dst text UUid:ed95dbf2-23de-4f62-b2a4-200325f9965c
08-13 23:07:04 com_github_MitjaNemec_ReplicateLayout.replicate_layout 985:Src text UUid:5010880a-f339-4d07-ad72-d490f7fc22c8
08-13 23:07:04 com_github_MitjaNemec_ReplicateLayout.replicate_layout 986:Dst text UUid:02cf3c58-c696-4edb-bbc4-f25c37d8d175
08-13 23:07:04 com_github_MitjaNemec_ReplicateLayout.replicate_layout 985:Src text UUid:9aaf1675-78d0-49be-8741-2145289ace71
08-13 23:07:04 com_github_MitjaNemec_ReplicateLayout.replicate_layout 986:Dst text UUid:e4bcab6c-9d40-4418-b0f0-2410135f46eb
08-13 23:07:04 com_github_MitjaNemec_ReplicateLayout.replicate_layout 985:Src text UUid:b0949641-6e0c-4382-8d93-ccdbf75b8b85
08-13 23:07:04 com_github_MitjaNemec_ReplicateLayout.replicate_layout 986:Dst text UUid:c23e9baf-a60c-47b3-9a05-a0d82f36daed
08-13 23:07:04 com_github_MitjaNemec_ReplicateLayout.replicate_layout 985:Src text UUid:8dd8f472-188a-4d05-9cbc-af10d6de6697
08-13 23:07:04 com_github_MitjaNemec_ReplicateLayout.replicate_layout 986:Dst text UUid:bd0d76d4-de7c-461d-b8ca-ed9cdb8a38de
08-13 23:07:04 com_github_MitjaNemec_ReplicateLayout.replicate_layout 985:Src text UUid:d5fd0f25-9ba6-4fa1-af8b-7985ff7d473d
08-13 23:07:04 com_github_MitjaNemec_ReplicateLayout.replicate_layout 986:Dst text UUid:ed01229e-1236-4835-9e05-b0a1c0322287
08-13 23:07:04 com_github_MitjaNemec_ReplicateLayout.replicate_layout 985:Src text UUid:ca3da52b-d61a-4c3c-a5f0-bf1f285e3550
08-13 23:07:04 com_github_MitjaNemec_ReplicateLayout.replicate_layout 986:Dst text UUid:88388e70-89a9-4d4b-b5b6-2bf162867548
08-13 23:07:04 com_github_MitjaNemec_ReplicateLayout.replicate_layout 985:Src text UUid:1b432cb1-1a13-402a-9554-8bbbc32fb55d
08-13 23:07:04 com_github_MitjaNemec_ReplicateLayout.replicate_layout 986:Dst text UUid:c60cc11a-d7f1-40aa-979a-0c99e43edf60
08-13 23:07:04 root 337:updating GUI with: 55
08-13 23:07:04 com_github_MitjaNemec_ReplicateLayout.replicate_layout 985:Src text UUid:bddb30c0-2172-40ce-a9e8-d629576d0466
08-13 23:07:04 com_github_MitjaNemec_ReplicateLayout.replicate_layout 986:Dst text UUid:154426ce-ea99-4b5f-a538-ab93ba477c2a
08-13 23:07:04 com_github_MitjaNemec_ReplicateLayout.replicate_layout 985:Src text UUid:089c29e2-71a3-4978-a1fe-ee5b0d6e59d4
08-13 23:07:04 com_github_MitjaNemec_ReplicateLayout.replicate_layout 986:Dst text UUid:d5977951-903d-42ab-a8df-74aab94e64fb
08-13 23:07:04 com_github_MitjaNemec_ReplicateLayout.replicate_layout 985:Src text UUid:47a63725-6cbc-4550-9707-c3f50b28f54c
08-13 23:07:04 com_github_MitjaNemec_ReplicateLayout.replicate_layout 986:Dst text UUid:a2371343-406b-4fe3-a86a-c1be7112b172
08-13 23:07:04 com_github_MitjaNemec_ReplicateLayout.replicate_layout 985:Src text UUid:24c625ee-6326-4d1f-bb43-9eb8d20203cf
08-13 23:07:04 com_github_MitjaNemec_ReplicateLayout.replicate_layout 986:Dst text UUid:44aeb237-fcea-47ca-9b1c-bc4383cfeb29
08-13 23:07:04 com_github_MitjaNemec_ReplicateLayout.replicate_layout 985:Src text UUid:8919d49b-f0df-4540-a17b-338ad38c40e4
08-13 23:07:04 com_github_MitjaNemec_ReplicateLayout.replicate_layout 986:Dst text UUid:a0a996ea-78f6-4453-8409-b9cfd4824043
08-13 23:07:04 com_github_MitjaNemec_ReplicateLayout.replicate_layout 985:Src text UUid:53af7b4d-6f0c-4033-b9d6-18eef0ae7762
08-13 23:07:04 com_github_MitjaNemec_ReplicateLayout.replicate_layout 986:Dst text UUid:742a4b7a-f9a8-4df0-9f56-bc31e7e996c2
08-13 23:07:04 com_github_MitjaNemec_ReplicateLayout.replicate_layout 985:Src text UUid:1ac6c04e-b60f-493d-99b2-32a130ad2c49
08-13 23:07:04 com_github_MitjaNemec_ReplicateLayout.replicate_layout 986:Dst text UUid:082ec8f8-aef6-4f1b-935c-b29b75531e06
08-13 23:07:04 com_github_MitjaNemec_ReplicateLayout.replicate_layout 985:Src text UUid:a058d565-7608-4576-97aa-1d22cca7568e
08-13 23:07:04 com_github_MitjaNemec_ReplicateLayout.replicate_layout 986:Dst text UUid:1d3c8cb8-5888-4ebe-8eca-63d1c2e31f26
08-13 23:07:04 com_github_MitjaNemec_ReplicateLayout.replicate_layout 985:Src text UUid:b0ca68f9-1c8b-44b5-a37c-02fa48ed4321
08-13 23:07:04 com_github_MitjaNemec_ReplicateLayout.replicate_layout 986:Dst text UUid:b2bc1143-114f-4edc-ab6a-891af1f3b447
08-13 23:07:04 com_github_MitjaNemec_ReplicateLayout.replicate_layout 985:Src text UUid:d1a4a0e0-f9f0-4078-8a9b-691044c6b5d7
08-13 23:07:04 com_github_MitjaNemec_ReplicateLayout.replicate_layout 986:Dst text UUid:f7b8e61f-4c22-4bdb-bc96-632acc6f49ec
08-13 23:07:04 com_github_MitjaNemec_ReplicateLayout.replicate_layout 985:Src text UUid:0c15c002-5f2c-4b5a-9a24-b1855452f1e0
08-13 23:07:04 com_github_MitjaNemec_ReplicateLayout.replicate_layout 986:Dst text UUid:0cf2d99f-64d7-4812-8a82-369df7d7f6bc
08-13 23:07:04 com_github_MitjaNemec_ReplicateLayout.replicate_layout 985:Src text UUid:b1e740a6-7a1a-4eac-a72c-5d7c5f55bf2c
08-13 23:07:04 com_github_MitjaNemec_ReplicateLayout.replicate_layout 986:Dst text UUid:de864be6-9b9f-4794-9ff3-f60aef85b993
08-13 23:07:04 com_github_MitjaNemec_ReplicateLayout.replicate_layout 985:Src text UUid:d4d8ab76-af8b-4ea4-bcfa-d4b90e533d44
08-13 23:07:04 com_github_MitjaNemec_ReplicateLayout.replicate_layout 986:Dst text UUid:d8a7850b-1fba-4c3d-a65f-b231d7be0313
08-13 23:07:04 com_github_MitjaNemec_ReplicateLayout.replicate_layout 985:Src text UUid:9f59cc37-0f05-4404-b191-9028c877808c
08-13 23:07:04 com_github_MitjaNemec_ReplicateLayout.replicate_layout 986:Dst text UUid:48c5cb16-ac2f-4329-856c-899b1cb8bd78
08-13 23:07:04 com_github_MitjaNemec_ReplicateLayout.replicate_layout 985:Src text UUid:cb77ca40-7a09-4281-950f-0e838793c575
08-13 23:07:04 com_github_MitjaNemec_ReplicateLayout.replicate_layout 986:Dst text UUid:3b8dd4b4-0608-48ef-bb6b-404a866ab9a3
08-13 23:07:04 com_github_MitjaNemec_ReplicateLayout.replicate_layout 985:Src text UUid:08bdbc73-c2c7-4f2c-86be-b3b7a8baa0b2
08-13 23:07:04 com_github_MitjaNemec_ReplicateLayout.replicate_layout 986:Dst text UUid:bf38f352-5380-4a47-90c4-09a03a382aa9
08-13 23:07:04 com_github_MitjaNemec_ReplicateLayout.replicate_layout 985:Src text UUid:ce3a0c1a-c7f0-4104-8779-3a43c42cf249
08-13 23:07:04 com_github_MitjaNemec_ReplicateLayout.replicate_layout 986:Dst text UUid:ea6bac70-6b8d-4aa2-9471-7b2f52a365cc
08-13 23:07:04 com_github_MitjaNemec_ReplicateLayout.replicate_layout 985:Src text UUid:6e6489cb-3ec5-48af-81a8-b0c81965c8af
08-13 23:07:04 com_github_MitjaNemec_ReplicateLayout.replicate_layout 986:Dst text UUid:9501143f-1f65-4af7-9dce-62a94278fbc2
08-13 23:07:04 com_github_MitjaNemec_ReplicateLayout.replicate_layout 985:Src text UUid:e4aece99-adb2-436d-b5dd-1ae02b781d2f
08-13 23:07:04 com_github_MitjaNemec_ReplicateLayout.replicate_layout 986:Dst text UUid:9610511a-7ea4-421d-82b3-b088262d1611
08-13 23:07:04 com_github_MitjaNemec_ReplicateLayout.replicate_layout 985:Src text UUid:7e546f27-ddfc-470e-9491-692a6e8e6585
08-13 23:07:04 com_github_MitjaNemec_ReplicateLayout.replicate_layout 986:Dst text UUid:e3c8f173-cefc-493e-904f-7e9ff4942ecf
08-13 23:07:04 com_github_MitjaNemec_ReplicateLayout.replicate_layout 985:Src text UUid:d4a6acfd-ea01-414c-a98d-4bfcd07672ee
08-13 23:07:04 com_github_MitjaNemec_ReplicateLayout.replicate_layout 986:Dst text UUid:18d06659-0a8a-4977-87c4-9cfb28d7847a
08-13 23:07:04 com_github_MitjaNemec_ReplicateLayout.replicate_layout 985:Src text UUid:d6023c32-7f16-4718-9ebb-6212ef6266c5
08-13 23:07:04 com_github_MitjaNemec_ReplicateLayout.replicate_layout 986:Dst text UUid:e0c2cdd9-5c23-4d27-995d-178342ebfe76
08-13 23:07:04 com_github_MitjaNemec_ReplicateLayout.replicate_layout 985:Src text UUid:525e841d-46e1-482e-aefa-af683cd39b4e
08-13 23:07:04 com_github_MitjaNemec_ReplicateLayout.replicate_layout 986:Dst text UUid:f095e066-6e53-41fb-aca2-6c6d53defe35
08-13 23:07:04 com_github_MitjaNemec_ReplicateLayout.replicate_layout 985:Src text UUid:53d2ea5a-2803-4d10-9109-6fdfec6e142d
08-13 23:07:04 com_github_MitjaNemec_ReplicateLayout.replicate_layout 986:Dst text UUid:9aea0024-8a77-4a12-8ab8-844d90437a37
08-13 23:07:04 com_github_MitjaNemec_ReplicateLayout.replicate_layout 985:Src text UUid:0d357a28-6c34-4361-a09e-d9e56126c937
08-13 23:07:04 com_github_MitjaNemec_ReplicateLayout.replicate_layout 986:Dst text UUid:d96ac09e-c93b-479c-bf4b-ab17840963a9
08-13 23:07:04 com_github_MitjaNemec_ReplicateLayout.replicate_layout 985:Src text UUid:16f7665b-99f1-4219-b21e-9f6bcba96cd8
08-13 23:07:04 com_github_MitjaNemec_ReplicateLayout.replicate_layout 986:Dst text UUid:50d1ed52-60d8-4bcd-83a5-64381debec49
08-13 23:07:04 com_github_MitjaNemec_ReplicateLayout.replicate_layout 985:Src text UUid:9c240d3c-8801-4e65-972a-52defd450b67
08-13 23:07:04 com_github_MitjaNemec_ReplicateLayout.replicate_layout 986:Dst text UUid:0aac3670-8b85-419f-ad21-0222b304b449
08-13 23:07:04 com_github_MitjaNemec_ReplicateLayout.replicate_layout 985:Src text UUid:f6d1279b-b509-4947-baab-6a6db792adc1
08-13 23:07:04 com_github_MitjaNemec_ReplicateLayout.replicate_layout 986:Dst text UUid:a40f9bd3-a22b-4a28-8918-4651963b3148
08-13 23:07:04 com_github_MitjaNemec_ReplicateLayout.replicate_layout 985:Src text UUid:41026f43-70e4-46bd-bcaa-78f05fd77db7
08-13 23:07:04 com_github_MitjaNemec_ReplicateLayout.replicate_layout 986:Dst text UUid:eaaf1ed6-031e-4fee-8647-f85ab7f8219e
08-13 23:07:04 com_github_MitjaNemec_ReplicateLayout.replicate_layout 985:Src text UUid:d156d942-92e0-4e67-add6-0ae22e0bf180
08-13 23:07:04 com_github_MitjaNemec_ReplicateLayout.replicate_layout 986:Dst text UUid:9af612fe-49c8-42f0-ba1f-0d1f27306508
08-13 23:07:04 com_github_MitjaNemec_ReplicateLayout.replicate_layout 985:Src text UUid:8ba0377c-586b-4e84-9fb9-f87b33d04c5c
08-13 23:07:04 com_github_MitjaNemec_ReplicateLayout.replicate_layout 986:Dst text UUid:a0822825-887d-4e9c-ae13-c06e6bcc4690
08-13 23:07:04 com_github_MitjaNemec_ReplicateLayout.replicate_layout 985:Src text UUid:b00ec008-2363-43d4-9bc1-00cbc61e799a
08-13 23:07:04 com_github_MitjaNemec_ReplicateLayout.replicate_layout 986:Dst text UUid:cf16cf86-b722-4e4b-ac73-98b1f1f09a22
08-13 23:07:04 com_github_MitjaNemec_ReplicateLayout.replicate_layout 985:Src text UUid:22b60057-bf7a-40bb-a928-f43c1adb31fb
08-13 23:07:04 com_github_MitjaNemec_ReplicateLayout.replicate_layout 986:Dst text UUid:c0ece2e9-017d-457b-b0a7-560fd96b3b95
08-13 23:07:04 com_github_MitjaNemec_ReplicateLayout.replicate_layout 985:Src text UUid:9f123b94-b27f-4bd8-86fa-ce98344c2e1f
08-13 23:07:04 com_github_MitjaNemec_ReplicateLayout.replicate_layout 986:Dst text UUid:f8c639bf-7aa9-4317-b0a7-4fe0726a1075
08-13 23:07:04 com_github_MitjaNemec_ReplicateLayout.replicate_layout 985:Src text UUid:a9b6085e-e627-42aa-8964-bc081304e3ae
08-13 23:07:04 com_github_MitjaNemec_ReplicateLayout.replicate_layout 986:Dst text UUid:4c29e83e-c06e-4b27-acbc-1c855b50e450
08-13 23:07:04 com_github_MitjaNemec_ReplicateLayout.replicate_layout 985:Src text UUid:eb1837b4-3bce-4d56-8728-46bad55bf0d7
08-13 23:07:04 com_github_MitjaNemec_ReplicateLayout.replicate_layout 986:Dst text UUid:527d5ffd-5849-4287-8b0d-efca725d2061
08-13 23:07:04 root 332:updating GUI message: 'Replicating tracks'
08-13 23:07:04 com_github_MitjaNemec_ReplicateLayout.replicate_layout 1009:Replicating tracks
08-13 23:07:04 com_github_MitjaNemec_ReplicateLayout.replicate_layout 1015:Replicating tracks on sheet ['modulo2']
08-13 23:07:04 com_github_MitjaNemec_ReplicateLayout.replicate_layout 792:Net pairs for sheet ['modulo2'] :[('/modulo1/relay control', '/modulo2/relay control'), ('unconnected-(U3B---Pad6)', 'unconnected-(U5B---Pad6)'), ('unconnected-(U3-Pad7)', 'unconnected-(U5-Pad7)'), ('Net-(R11-Pad1)', 'Net-(R16-Pad1)'), ('Net-(JP1-B)', 'Net-(JP6-B)'), ('Net-(J1-Pin_2)', 'Net-(J2-Pin_2)'), ('+3V3', '+3V3'), ('Net-(J1-Pin_3)', 'Net-(J2-Pin_3)'), ('/modulo1/Curr_sense', '/modulo2/Curr_sense'), ('GND', 'GND'), ('Net-(J1-Pin_1)', 'Net-(J2-Pin_1)'), ('Net-(JP3-B)', 'Net-(JP4-B)'), ('Net-(D1-A)', 'Net-(D2-A)'), ('/modulo1/OCP', '/modulo2/OCP'), ('Net-(R3-Pad2)', 'Net-(R21-Pad2)'), ('Net-(Q2-S)', 'Net-(Q6-S)'), ('+5V', '+5V'), ('Net-(R2-Pad2)', 'Net-(R20-Pad2)'), ('unconnected-(U3B-+-Pad5)', 'unconnected-(U5B-+-Pad5)'), ('Net-(Q1-B)', 'Net-(Q4-B)'), ('Net-(Q3-B)', 'Net-(Q5-B)'), ('Net-(D1-K)', 'Net-(D2-K)')]
08-13 23:07:04 root 332:updating GUI message: 'Replicating zones'
08-13 23:07:04 com_github_MitjaNemec_ReplicateLayout.replicate_layout 1079:Replicating zones
08-13 23:07:04 com_github_MitjaNemec_ReplicateLayout.replicate_layout 1086:Replicating zones on sheet ['modulo2']
08-13 23:07:04 com_github_MitjaNemec_ReplicateLayout.replicate_layout 792:Net pairs for sheet ['modulo2'] :[('/modulo1/relay control', '/modulo2/relay control'), ('unconnected-(U3B---Pad6)', 'unconnected-(U5B---Pad6)'), ('unconnected-(U3-Pad7)', 'unconnected-(U5-Pad7)'), ('Net-(R11-Pad1)', 'Net-(R16-Pad1)'), ('Net-(JP1-B)', 'Net-(JP6-B)'), ('Net-(J1-Pin_2)', 'Net-(J2-Pin_2)'), ('+3V3', '+3V3'), ('Net-(J1-Pin_3)', 'Net-(J2-Pin_3)'), ('/modulo1/Curr_sense', '/modulo2/Curr_sense'), ('GND', 'GND'), ('Net-(J1-Pin_1)', 'Net-(J2-Pin_1)'), ('Net-(JP3-B)', 'Net-(JP4-B)'), ('Net-(D1-A)', 'Net-(D2-A)'), ('/modulo1/OCP', '/modulo2/OCP'), ('Net-(R3-Pad2)', 'Net-(R21-Pad2)'), ('Net-(Q2-S)', 'Net-(Q6-S)'), ('+5V', '+5V'), ('Net-(R2-Pad2)', 'Net-(R20-Pad2)'), ('unconnected-(U3B-+-Pad5)', 'unconnected-(U5B-+-Pad5)'), ('Net-(Q1-B)', 'Net-(Q4-B)'), ('Net-(Q3-B)', 'Net-(Q5-B)'), ('Net-(D1-K)', 'Net-(D2-K)')]
08-13 23:07:04 root 332:updating GUI message: 'Replicating text'
08-13 23:07:04 com_github_MitjaNemec_ReplicateLayout.replicate_layout 1168:Replicating text
08-13 23:07:04 com_github_MitjaNemec_ReplicateLayout.replicate_layout 1175:Replicating text on sheet ['modulo2']
08-13 23:07:04 root 332:updating GUI message: 'Replicating drawings'
08-13 23:07:04 com_github_MitjaNemec_ReplicateLayout.replicate_layout 1219:Replicating drawings
08-13 23:07:04 com_github_MitjaNemec_ReplicateLayout.replicate_layout 1225:Replicating drawings on sheet ['modulo2']
08-13 23:07:04 com_github_MitjaNemec_ReplicateLayout.action_replicate_layout 256:Replication complete
